main.obj : error LNK2001: unresolved external symbol _SDL_RenderClear
main.obj : error LNK2001: unresolved external symbol _SDL_Init
main.obj : error LNK2001: unresolved external symbol _SDL_DestroyWindow
main.obj : error LNK2001: unresolved external symbol _SDL_Quit
main.obj : error LNK2001: unresolved external symbol _TTF_Init
main.obj : error LNK2001: unresolved external symbol _SDL_PollEvent
main.obj : error LNK2001: unresolved external symbol _SDL_CreateRenderer
main.obj : error LNK2001: unresolved external symbol _SDL_RenderPresent
main.obj : error LNK2001: unresolved external symbol _SDL_CreateWindow
main.obj : error LNK2001: unresolved external symbol _TTF_Quit
main.obj : error LNK2001: unresolved external symbol _SDL_SetRenderDrawColor
Texture.obj : error LNK2001: unresolved external symbol _SDL_DestroyTexture
Texture.obj : error LNK2001: unresolved external symbol _SDL_RenderCopy
Texture.obj : error LNK2001: unresolved external symbol _SDL_GetError
Texture.obj : error LNK2001: unresolved external symbol _TTF_CloseFont
Texture.obj : error LNK2001: unresolved external symbol _TTF_OpenFont
Texture.obj : error LNK2001: unresolved external symbol _SDL_RenderCopyEx
Texture.obj : error LNK2001: unresolved external symbol _SDL_FreeSurface
Texture.obj : error LNK2001: unresolved external symbol _TTF_RenderText_Blended
Texture.obj : error LNK2001: unresolved external symbol _IMG_Load
Texture.obj : error LNK2001: unresolved external symbol _SDL_CreateTextureFromSurface
MSVCRT.lib(exe_main.obj) : error LNK2001: unresolved external symbol _main
D:\BME\Basics of Programming 2\Project-Bop\Pac-man\Release\Pac-man.exe : fatal error LNK1120: 22 unresolved externals
