  Djikstra_Search.cpp
  GameObject.cpp
D:\BME\Basics of Programming 2\Project-Bop\Pac-man\Pac-man\Tile.h(3,10): fatal error C1083: Cannot open include file: 'SDL.h': No such file or directory
  Ghost.cpp
D:\BME\Basics of Programming 2\Project-Bop\Pac-man\Pac-man\GameObject.h(2,10): fatal error C1083: Cannot open include file: 'SDL.h': No such file or directory
  main.cpp
D:\BME\Basics of Programming 2\Project-Bop\Pac-man\Pac-man\Ghost.h(3,10): fatal error C1083: Cannot open include file: 'SDL.h': No such file or directory
  Map.cpp
D:\BME\Basics of Programming 2\Project-Bop\Pac-man\Pac-man\main.cpp(6,10): fatal error C1083: Cannot open include file: 'SDL_ttf.h': No such file or directory
  MapGenerator.cpp
D:\BME\Basics of Programming 2\Project-Bop\Pac-man\Pac-man\Tile.h(3,10): fatal error C1083: Cannot open include file: 'SDL.h': No such file or directory
  Pacman.cpp
D:\BME\Basics of Programming 2\Project-Bop\Pac-man\Pac-man\Tile.h(3,10): fatal error C1083: Cannot open include file: 'SDL.h': No such file or directory
  Point.cpp
D:\BME\Basics of Programming 2\Project-Bop\Pac-man\Pac-man\Pacman.h(3,10): fatal error C1083: Cannot open include file: 'SDL.h': No such file or directory
  Texture.cpp
D:\BME\Basics of Programming 2\Project-Bop\Pac-man\Pac-man\GameObject.h(2,10): fatal error C1083: Cannot open include file: 'SDL.h': No such file or directory
  TextureManager.cpp
D:\BME\Basics of Programming 2\Project-Bop\Pac-man\Pac-man\Texture.h(4,10): fatal error C1083: Cannot open include file: 'SDL.h': No such file or directory
  Tile.cpp
D:\BME\Basics of Programming 2\Project-Bop\Pac-man\Pac-man\Texture.h(4,10): fatal error C1083: Cannot open include file: 'SDL.h': No such file or directory
  TileGraph.cpp
D:\BME\Basics of Programming 2\Project-Bop\Pac-man\Pac-man\Tile.h(3,10): fatal error C1083: Cannot open include file: 'SDL.h': No such file or directory
  Wall.cpp
D:\BME\Basics of Programming 2\Project-Bop\Pac-man\Pac-man\Tile.h(3,10): fatal error C1083: Cannot open include file: 'SDL.h': No such file or directory
D:\BME\Basics of Programming 2\Project-Bop\Pac-man\Pac-man\GameObject.h(2,10): fatal error C1083: Cannot open include file: 'SDL.h': No such file or directory
